<?xml version="1.0" encoding="UTF-8"?>
<!-- Generated by org.testng.reporters.JUnitXMLReporter -->
<testsuite hostname="IDLCAI407202" ignored="0" name="CreateCase" tests="3" failures="0" timestamp="31 Oct 2019 04:29:55 GMT" time="102.414" errors="0">
  <testcase name="createCase" time="41.989" classname="com.icrm.qa.testcases.CreateCase"/>
  <testcase name="createCase" time="21.38" classname="com.icrm.qa.testcases.CreateCase"/>
  <testcase name="createCase" time="14.288" classname="com.icrm.qa.testcases.CreateCase"/>
</testsuite> <!-- CreateCase -->
