<?xml version="1.0" encoding="UTF-8"?>
<!-- Generated by org.testng.reporters.JUnitXMLReporter -->
<testsuite hostname="IDLCAI407202" ignored="0" name="Default test" tests="4" failures="0" timestamp="29 Oct 2019 12:57:05 GMT" time="112.948" errors="0">
  <testcase name="createCase" time="27.391" classname="com.icrm.qa.testcases.CreateCase"/>
  <testcase name="createCase" time="22.135" classname="com.icrm.qa.testcases.CreateCase"/>
  <testcase name="createCase" time="22.694" classname="com.icrm.qa.testcases.CreateCase"/>
  <testcase name="createCase" time="20.769" classname="com.icrm.qa.testcases.CreateCase"/>
</testsuite> <!-- Default test -->
