<?xml version="1.0" encoding="UTF-8"?>
<testng-results skipped="0" failed="0" ignored="0" total="3" passed="3">
  <reporter-output>
  </reporter-output>
  <suite name="Workflow" duration-ms="102414" started-at="2019-10-31T04:28:12Z" finished-at="2019-10-31T04:29:55Z">
    <groups>
    </groups>
    <test name="CreateCase" duration-ms="102414" started-at="2019-10-31T04:28:12Z" finished-at="2019-10-31T04:29:55Z">
      <class name="com.icrm.qa.testcases.CreateCase">
        <test-method status="PASS" signature="setUp()[pri:0, instance:com.icrm.qa.testcases.CreateCase@25bbe1b6]" name="setUp" is-config="true" duration-ms="24059" started-at="2019-10-31T04:28:12Z" finished-at="2019-10-31T04:28:36Z">
          <reporter-output>
          </reporter-output>
        </test-method> <!-- setUp -->
        <test-method status="PASS" signature="createCase(java.lang.String, java.lang.String, java.lang.String)[pri:0, instance:com.icrm.qa.testcases.CreateCase@25bbe1b6]" name="createCase" duration-ms="41989" started-at="2019-10-31T04:28:37Z" data-provider="getDataLevel1" finished-at="2019-10-31T04:29:19Z">
          <params>
            <param index="0">
              <value>
                <![CDATA[2000021394]]>
              </value>
            </param>
            <param index="1">
              <value>
                <![CDATA[Proposal Changes]]>
              </value>
            </param>
            <param index="2">
              <value>
                <![CDATA[Request]]>
              </value>
            </param>
          </params>
          <reporter-output>
          </reporter-output>
        </test-method> <!-- createCase -->
        <test-method status="PASS" signature="createCase(java.lang.String, java.lang.String, java.lang.String)[pri:0, instance:com.icrm.qa.testcases.CreateCase@25bbe1b6]" name="createCase" duration-ms="21380" started-at="2019-10-31T04:29:19Z" data-provider="getDataLevel1" finished-at="2019-10-31T04:29:40Z">
          <params>
            <param index="0">
              <value>
                <![CDATA[2000021394]]>
              </value>
            </param>
            <param index="1">
              <value>
                <![CDATA[Proposal Changes Special Quotation]]>
              </value>
            </param>
            <param index="2">
              <value>
                <![CDATA[Request]]>
              </value>
            </param>
          </params>
          <reporter-output>
          </reporter-output>
        </test-method> <!-- createCase -->
        <test-method status="PASS" signature="createCase(java.lang.String, java.lang.String, java.lang.String)[pri:0, instance:com.icrm.qa.testcases.CreateCase@25bbe1b6]" name="createCase" duration-ms="14288" started-at="2019-10-31T04:29:40Z" data-provider="getDataLevel1" finished-at="2019-10-31T04:29:55Z">
          <params>
            <param index="0">
              <value>
                <![CDATA[2000021394]]>
              </value>
            </param>
            <param index="1">
              <value>
                <![CDATA[Proposal Changes Revision]]>
              </value>
            </param>
            <param index="2">
              <value>
                <![CDATA[Request]]>
              </value>
            </param>
          </params>
          <reporter-output>
          </reporter-output>
        </test-method> <!-- createCase -->
      </class> <!-- com.icrm.qa.testcases.CreateCase -->
    </test> <!-- CreateCase -->
  </suite> <!-- Workflow -->
</testng-results>
